mode: atomic
github.com/e7canasta/orion-care-sensor/modules/framebus/framebus.go:36.16,38.2 1 8
github.com/e7canasta/orion-care-sensor/modules/framebus/internal/bus/bus.go:28.16,32.2 1 12
github.com/e7canasta/orion-care-sensor/modules/framebus/internal/bus/bus.go:35.59,39.14 3 7
github.com/e7canasta/orion-care-sensor/modules/framebus/internal/bus/bus.go:39.14,41.3 1 1
github.com/e7canasta/orion-care-sensor/modules/framebus/internal/bus/bus.go:43.2,43.44 1 6
github.com/e7canasta/orion-care-sensor/modules/framebus/internal/bus/bus.go:43.44,45.3 1 1
github.com/e7canasta/orion-care-sensor/modules/framebus/internal/bus/bus.go:47.2,47.15 1 5
github.com/e7canasta/orion-care-sensor/modules/framebus/internal/bus/bus.go:47.15,49.3 1 0
github.com/e7canasta/orion-care-sensor/modules/framebus/internal/bus/bus.go:51.2,58.12 2 5
github.com/e7canasta/orion-care-sensor/modules/framebus/internal/bus/bus.go:62.66,66.14 3 6
github.com/e7canasta/orion-care-sensor/modules/framebus/internal/bus/bus.go:66.14,68.3 1 0
github.com/e7canasta/orion-care-sensor/modules/framebus/internal/bus/bus.go:70.2,70.44 1 6
github.com/e7canasta/orion-care-sensor/modules/framebus/internal/bus/bus.go:70.44,72.3 1 0
github.com/e7canasta/orion-care-sensor/modules/framebus/internal/bus/bus.go:74.2,82.27 3 6
github.com/e7canasta/orion-care-sensor/modules/framebus/internal/bus/bus.go:86.36,90.14 3 1022
github.com/e7canasta/orion-care-sensor/modules/framebus/internal/bus/bus.go:90.14,92.3 1 0
github.com/e7canasta/orion-care-sensor/modules/framebus/internal/bus/bus.go:94.2,96.39 2 1022
github.com/e7canasta/orion-care-sensor/modules/framebus/internal/bus/bus.go:96.39,97.24 1 1022
github.com/e7canasta/orion-care-sensor/modules/framebus/internal/bus/bus.go:98.16,100.11 1 9
github.com/e7canasta/orion-care-sensor/modules/framebus/internal/bus/bus.go:101.28,102.44 1 8
github.com/e7canasta/orion-care-sensor/modules/framebus/internal/bus/bus.go:103.12,104.47 1 1
github.com/e7canasta/orion-care-sensor/modules/framebus/internal/bus/bus.go:107.16,110.43 2 1013
github.com/e7canasta/orion-care-sensor/modules/framebus/internal/bus/bus.go:116.44,121.13 4 2
github.com/e7canasta/orion-care-sensor/modules/framebus/internal/bus/bus.go:121.13,123.3 1 1
github.com/e7canasta/orion-care-sensor/modules/framebus/internal/bus/bus.go:126.2,126.54 1 1
github.com/e7canasta/orion-care-sensor/modules/framebus/internal/bus/bus.go:126.54,128.3 1 0
github.com/e7canasta/orion-care-sensor/modules/framebus/internal/bus/bus.go:130.2,131.12 2 1
github.com/e7canasta/orion-care-sensor/modules/framebus/internal/bus/bus.go:135.58,140.13 4 3
github.com/e7canasta/orion-care-sensor/modules/framebus/internal/bus/bus.go:140.13,142.3 1 0
github.com/e7canasta/orion-care-sensor/modules/framebus/internal/bus/bus.go:144.2,147.8 1 3
github.com/e7canasta/orion-care-sensor/modules/framebus/internal/bus/bus.go:151.23,155.14 3 11
github.com/e7canasta/orion-care-sensor/modules/framebus/internal/bus/bus.go:155.14,157.3 1 0
github.com/e7canasta/orion-care-sensor/modules/framebus/internal/bus/bus.go:159.2,162.39 2 11
github.com/e7canasta/orion-care-sensor/modules/framebus/internal/bus/bus.go:162.39,163.55 1 10
github.com/e7canasta/orion-care-sensor/modules/framebus/internal/bus/bus.go:163.55,165.4 1 6
github.com/e7canasta/orion-care-sensor/modules/framebus/internal/bus/bus.go:168.2,168.21 1 11
github.com/e7canasta/orion-care-sensor/modules/framebus/internal/bus/bus.go:180.48,184.2 3 6
github.com/e7canasta/orion-care-sensor/modules/framebus/internal/bus/bus.go:186.52,190.14 3 1013
github.com/e7canasta/orion-care-sensor/modules/framebus/internal/bus/bus.go:190.14,192.3 1 0
github.com/e7canasta/orion-care-sensor/modules/framebus/internal/bus/bus.go:194.2,197.12 4 1013
github.com/e7canasta/orion-care-sensor/modules/framebus/internal/bus/bus.go:201.45,205.34 3 2
github.com/e7canasta/orion-care-sensor/modules/framebus/internal/bus/bus.go:205.34,207.3 1 1
github.com/e7canasta/orion-care-sensor/modules/framebus/internal/bus/bus.go:209.2,209.14 1 2
github.com/e7canasta/orion-care-sensor/modules/framebus/internal/bus/bus.go:209.14,211.3 1 1
github.com/e7canasta/orion-care-sensor/modules/framebus/internal/bus/bus.go:213.2,213.17 1 1
github.com/e7canasta/orion-care-sensor/modules/framebus/internal/bus/bus.go:217.56,221.20 3 3
github.com/e7canasta/orion-care-sensor/modules/framebus/internal/bus/bus.go:221.20,223.3 1 0
github.com/e7canasta/orion-care-sensor/modules/framebus/internal/bus/bus.go:225.2,225.23 1 3
github.com/e7canasta/orion-care-sensor/modules/framebus/internal/bus/bus.go:229.37,235.2 4 11
